
> olimpo-admin-web@0.1.0 dev
> next dev --port 3001

[@sentry/nextjs] DEPRECATION WARNING: disableLogger is deprecated and will be removed in a future version. Use webpack.treeshake.removeDebugLogging instead.
 ⚠ Warning: Next.js inferred your workspace root, but it may not be correct.
 We detected multiple lockfiles and selected the directory of /Users/luisdiaz/Documents/Proyectos/Olimpo/package-lock.json as the root directory.
 To silence this warning, set `outputFileTracingRoot` in your Next.js config, or consider removing one of the lockfiles if it's not needed.
   See https://nextjs.org/docs/app/api-reference/config/next-config-js/output#caveats for more information.
 Detected additional lockfiles: 
   * /Users/luisdiaz/Documents/Proyectos/Olimpo/apps/admin-web/package-lock.json

[@sentry/nextjs] DEPRECATION WARNING: disableLogger is deprecated and will be removed in a future version. Use webpack.treeshake.removeDebugLogging instead.
   ▲ Next.js 15.5.19
   - Local:        http://localhost:3001
   - Network:      http://10.10.1.225:3001
   - Environments: .env.local
   - Experiments (use with caution):
     · clientTraceMetadata

 ✓ Starting...
[@sentry/nextjs] It appears you've configured a `sentry.server.config.ts` file. Please ensure to put this file's content into the `register()` function of a Next.js instrumentation file instead. To ensure correct functionality of the SDK, `Sentry.init` must be called inside of an instrumentation file. Learn more about setting up an instrumentation file in Next.js: https://nextjs.org/docs/app/building-your-application/optimizing/instrumentation. You can safely delete the `sentry.server.config.ts` file afterward.
[@sentry/nextjs] Could not find a Next.js instrumentation file. This indicates an incomplete configuration of the Sentry SDK. An instrumentation file is required for the Sentry SDK to be initialized on the server: https://docs.sentry.io/platforms/javascript/guides/nextjs/manual-setup/#create-initialization-config-files (you can suppress this warning by setting SENTRY_SUPPRESS_INSTRUMENTATION_FILE_WARNING=1 as environment variable)
[@sentry/nextjs] It seems like you don't have a global error handler set up. It is recommended that you add a 'global-error.js' file with Sentry instrumentation so that React rendering errors are reported to Sentry. Read more: https://docs.sentry.io/platforms/javascript/guides/nextjs/manual-setup/#react-render-errors-in-app-router (you can suppress this warning by setting SENTRY_SUPPRESS_GLOBAL_ERROR_HANDLER_FILE_WARNING=1 as environment variable)
[@sentry/nextjs] DEPRECATION WARNING: It is recommended renaming your `sentry.client.config.ts` file, or moving its content to `instrumentation-client.ts`. When using Turbopack `sentry.client.config.ts` will no longer work. Read more about the `instrumentation-client.ts` file: https://nextjs.org/docs/app/api-reference/file-conventions/instrumentation-client
 ✓ Ready in 1927ms
 ✓ Compiled /middleware in 447ms (454 modules)
<w> [webpack.cache.PackFileCacheStrategy] Serializing big strings (129kiB) impacts deserialization performance (consider using Buffer instead and decode when needed)
<w> [webpack.cache.PackFileCacheStrategy] Serializing big strings (139kiB) impacts deserialization performance (consider using Buffer instead and decode when needed)
 ○ Compiling /login ...
 ✓ Compiled /login in 2.2s (1748 modules)
 GET /login 200 in 2691ms
 ○ Compiling /api/auth/login ...
 ✓ Compiled /api/auth/login in 753ms (1773 modules)
 ⚠ Fast Refresh had to perform a full reload. Read more: https://nextjs.org/docs/messages/fast-refresh-reload
 POST /api/auth/login 200 in 1208ms
 GET /login 200 in 186ms
 POST /api/auth/login 200 in 28ms
 ○ Compiling / ...
 ✓ Compiled / in 550ms (1873 modules)
 GET / 200 in 745ms
 GET / 200 in 18ms
 ✓ Compiled /api/proxy/[...path] in 327ms (1875 modules)
 GET /api/proxy/stats 200 in 1383ms
 ○ Compiling /observabilidad ...
 ✓ Compiled /observabilidad in 2.1s (2855 modules)
 GET /observabilidad 200 in 2288ms
 GET /observabilidad 200 in 14ms
[?25h
